#
# There is insufficient memory for the Java Runtime Environment to continue.
# Native memory allocation (malloc) failed to allocate 1078576 bytes for Chunk::new
# Possible reasons:
#   The system is out of physical RAM or swap space
#   In 32 bit mode, the process size limit was hit
# Possible solutions:
#   Reduce memory load on the system
#   Increase physical memory or swap space
#   Check if swap backing store is full
#   Use 64 bit Java on a 64 bit OS
#   Decrease Java heap size (-Xmx/-Xms)
#   Decrease number of Java threads
#   Decrease Java thread stack sizes (-Xss)
#   Set larger code cache with -XX:ReservedCodeCacheSize=
# This output file may be truncated or incomplete.
#
#  Out of Memory Error (allocation.cpp:390), pid=14976, tid=0x0000000000002bcc
#
# JRE version: OpenJDK Runtime Environment (8.0_152-b01) (build 1.8.0_152-release-1343-b01)
# Java VM: OpenJDK 64-Bit Server VM (25.152-b01 mixed mode windows-amd64 compressed oops)
# Failed to write core dump. Minidumps are not enabled by default on client versions of Windows
#

---------------  T H R E A D  ---------------

Current thread (0x0000000018aff000):  JavaThread "C2 CompilerThread2" daemon [_thread_in_native, id=11212, stack(0x00000000193c0000,0x00000000194c0000)]

Stack: [0x00000000193c0000,0x00000000194c0000]
[error occurred during error reporting (printing stack bounds), id 0xc0000005]

Native frames: (J=compiled Java code, j=interpreted, Vv=VM code, C=native code)


Current CompileTask:
C2: 270358 18073       4       com.android.tools.r8.graph.DexDebugEventBuilder::add (227 bytes)


---------------  P R O C E S S  ---------------

Java Threads: ( => current thread )
  0x000000001c678000 JavaThread "ForkJoinPool.commonPool-worker-1" daemon [_thread_in_Java, id=12972, stack(0x00000000296f0000,0x00000000297f0000)]
  0x000000001c672800 JavaThread "ForkJoinPool.commonPool-worker-0" daemon [_thread_in_Java, id=13144, stack(0x00000000293a0000,0x00000000294a0000)]
  0x000000001c673800 JavaThread "Cache worker for Java compile cache (C:\Users\18310\Desktop\KaoShi-master\.gradle\5.1.1\javaCompile)" [_thread_blocked, id=12964, stack(0x0000000028ba0000,0x0000000028ca0000)]
  0x0000000020753800 JavaThread "Cache worker for Java compile cache (C:\Users\18310\.gradle\caches\5.1.1\javaCompile)" [_thread_blocked, id=11904, stack(0x0000000027b90000,0x0000000027c90000)]
  0x000000002075d800 JavaThread "stdout" daemon [_thread_in_native, id=10864, stack(0x0000000028aa0000,0x0000000028ba0000)]
  0x000000002075d000 JavaThread "stderr" daemon [_thread_in_native, id=10824, stack(0x00000000289a0000,0x0000000028aa0000)]
  0x0000000020759000 JavaThread "stdout" daemon [_thread_in_native, id=12564, stack(0x0000000027e90000,0x0000000027f90000)]
  0x000000002075f000 JavaThread "stderr" daemon [_thread_in_native, id=12060, stack(0x0000000027510000,0x0000000027610000)]
  0x000000002075c000 JavaThread "stdout" daemon [_thread_in_native, id=9200, stack(0x00000000288a0000,0x00000000289a0000)]
  0x000000002075b800 JavaThread "stderr" daemon [_thread_in_native, id=15116, stack(0x00000000287a0000,0x00000000288a0000)]
  0x000000002075a000 JavaThread "stdout" daemon [_thread_in_native, id=11312, stack(0x00000000286a0000,0x00000000287a0000)]
  0x000000002075a800 JavaThread "stderr" daemon [_thread_in_native, id=7004, stack(0x00000000285a0000,0x00000000286a0000)]
  0x0000000020751800 JavaThread "stdout" daemon [_thread_in_native, id=14956, stack(0x00000000284a0000,0x00000000285a0000)]
  0x0000000020758800 JavaThread "stderr" daemon [_thread_in_native, id=12904, stack(0x00000000283a0000,0x00000000284a0000)]
  0x0000000020757800 JavaThread "stdout" daemon [_thread_in_native, id=5656, stack(0x00000000282a0000,0x00000000283a0000)]
  0x0000000020750000 JavaThread "stderr" daemon [_thread_in_native, id=14736, stack(0x00000000281a0000,0x00000000282a0000)]
  0x0000000020756800 JavaThread "stdout" daemon [_thread_in_native, id=8000, stack(0x00000000280a0000,0x00000000281a0000)]
  0x0000000020756000 JavaThread "stderr" daemon [_thread_in_native, id=11536, stack(0x0000000027fa0000,0x00000000280a0000)]
  0x0000000020750800 JavaThread "pool-5-thread-1" [_thread_blocked, id=2188, stack(0x0000000027d90000,0x0000000027e90000)]
  0x0000000020755000 JavaThread "ForkJoinPool.commonPool-worker-7" daemon [_thread_in_Java, id=1064, stack(0x0000000027c90000,0x0000000027d90000)]
  0x0000000020754800 JavaThread "ForkJoinPool.commonPool-worker-5" daemon [_thread_in_Java, id=13172, stack(0x0000000027a90000,0x0000000027b90000)]
  0x0000000020753000 JavaThread "ForkJoinPool.commonPool-worker-4" daemon [_thread_in_native, id=1244, stack(0x0000000027990000,0x0000000027a90000)]
  0x0000000020752000 JavaThread "ForkJoinPool.commonPool-worker-3" daemon [_thread_in_Java, id=15300, stack(0x0000000027890000,0x0000000027990000)]
  0x0000000018afa800 JavaThread "ForkJoinPool.commonPool-worker-2" daemon [_thread_in_Java, id=11984, stack(0x0000000027790000,0x0000000027890000)]
  0x000000001fda0800 JavaThread "Execution worker for ':' Thread 7" [_thread_blocked, id=2136, stack(0x0000000027210000,0x0000000027310000)]
  0x000000001fd9f000 JavaThread "Execution worker for ':' Thread 6" [_thread_blocked, id=4120, stack(0x0000000026140000,0x0000000026240000)]
  0x000000001fd9f800 JavaThread "Cache worker for execution history cache (C:\Users\18310\Desktop\KaoShi-master\.gradle\5.1.1\executionHistory)" [_thread_blocked, id=7428, stack(0x0000000026040000,0x0000000026140000)]
  0x000000001fd9e000 JavaThread "Execution worker for ':' Thread 5" [_thread_blocked, id=11400, stack(0x0000000025f40000,0x0000000026040000)]
  0x000000001fd9d800 JavaThread "Execution worker for ':' Thread 4" [_thread_blocked, id=1384, stack(0x0000000025e40000,0x0000000025f40000)]
  0x000000001fd95800 JavaThread "Execution worker for ':' Thread 3" [_thread_blocked, id=14800, stack(0x0000000025d40000,0x0000000025e40000)]
  0x000000001fd9c800 JavaThread "Execution worker for ':' Thread 2" [_thread_blocked, id=14376, stack(0x0000000025c40000,0x0000000025d40000)]
  0x000000001fd9b800 JavaThread "Execution worker for ':'" [_thread_blocked, id=2264, stack(0x0000000025b40000,0x0000000025c40000)]
  0x000000001fd94000 JavaThread "Cache worker for file content cache (C:\Users\18310\Desktop\KaoShi-master\.gradle\5.1.1\fileContent)" [_thread_blocked, id=6788, stack(0x0000000025a40000,0x0000000025b40000)]
  0x000000001fd95000 JavaThread "Cache worker for Build Output Cleanup Cache (C:\Users\18310\Desktop\KaoShi-master\.gradle\buildOutputCleanup)" [_thread_blocked, id=13488, stack(0x0000000025060000,0x0000000025160000)]
  0x000000001fd9a000 JavaThread "Build operations Thread 8" [_thread_blocked, id=11252, stack(0x0000000024f60000,0x0000000025060000)]
  0x000000001fd92800 JavaThread "Build operations Thread 7" [_thread_blocked, id=5624, stack(0x0000000024c40000,0x0000000024d40000)]
  0x000000001fd96800 JavaThread "Build operations Thread 6" [_thread_blocked, id=5164, stack(0x0000000024b40000,0x0000000024c40000)]
  0x000000001fd99800 JavaThread "Build operations Thread 5" [_thread_blocked, id=1540, stack(0x0000000023530000,0x0000000023630000)]
  0x000000001fd97000 JavaThread "Build operations Thread 4" [_thread_blocked, id=9724, stack(0x0000000022f90000,0x0000000023090000)]
  0x000000001fd98800 JavaThread "Build operations Thread 3" [_thread_blocked, id=6616, stack(0x00000000225e0000,0x00000000226e0000)]
  0x000000001ea7e000 JavaThread "Build operations Thread 2" [_thread_blocked, id=12024, stack(0x0000000021120000,0x0000000021220000)]
  0x000000001ea73800 JavaThread "Build operations" [_thread_blocked, id=2132, stack(0x0000000020d60000,0x0000000020e60000)]
  0x000000001ea79000 JavaThread "Cache worker for cache directory md-rule (C:\Users\18310\.gradle\caches\5.1.1\md-rule)" [_thread_blocked, id=8316, stack(0x000000001f9b0000,0x000000001fab0000)]
  0x000000001ea70800 JavaThread "Cache worker for cache directory md-supplier (C:\Users\18310\.gradle\caches\5.1.1\md-supplier)" [_thread_blocked, id=1072, stack(0x000000001e2e0000,0x000000001e3e0000)]
  0x000000001ea77800 JavaThread "Cache worker for file hash cache (C:\Users\18310\Desktop\KaoShi-master\.gradle\5.1.1\fileHashes)" [_thread_blocked, id=680, stack(0x000000001bd40000,0x000000001be40000)]
  0x000000001ea76800 JavaThread "Thread-65" [_thread_blocked, id=1396, stack(0x000000001bb40000,0x000000001bc40000)]
  0x000000001ea6f000 JavaThread "Stdin handler" [_thread_blocked, id=11316, stack(0x000000001ba40000,0x000000001bb40000)]
  0x000000001ea74800 JavaThread "Asynchronous log dispatcher for DefaultDaemonConnection: socket connection from /127.0.0.1:51031 to /127.0.0.1:51595" [_thread_blocked, id=1240, stack(0x000000001b940000,0x000000001ba40000)]
  0x000000001ea73000 JavaThread "Cancel handler" [_thread_blocked, id=14492, stack(0x0000000000e10000,0x0000000000f10000)]
  0x000000001ea70000 JavaThread "Handler for socket connection from /127.0.0.1:51031 to /127.0.0.1:51595" [_thread_in_native, id=14692, stack(0x0000000000d10000,0x0000000000e10000)]
  0x000000001fd92000 JavaThread "Daemon worker Thread 2" [_thread_blocked, id=6732, stack(0x000000001b440000,0x000000001b540000)]
  0x000000001fd93800 JavaThread "Daemon Thread 2" [_thread_blocked, id=7996, stack(0x0000000000c10000,0x0000000000d10000)]
  0x000000001ea7c800 JavaThread "Cache worker for file content cache (C:\Users\18310\.gradle\caches\5.1.1\fileContent)" [_thread_blocked, id=14612, stack(0x0000000024190000,0x0000000024290000)]
  0x000000001ea7b000 JavaThread "Memory manager" [_thread_blocked, id=10440, stack(0x0000000023e30000,0x0000000023f30000)]
  0x000000001ea75000 JavaThread "Cache worker for execution history cache (C:\Users\18310\.gradle\caches\5.1.1\executionHistory)" [_thread_blocked, id=10996, stack(0x00000000222e0000,0x00000000223e0000)]
  0x0000000018afc000 JavaThread "Cache worker for journal cache (C:\Users\18310\.gradle\caches\journal-1)" [_thread_blocked, id=13720, stack(0x000000001c040000,0x000000001c140000)]
  0x0000000018afb800 JavaThread "File lock request listener" [_thread_in_native, id=14004, stack(0x000000001bf40000,0x000000001c040000)]
  0x000000001ac6b000 JavaThread "Cache worker for file hash cache (C:\Users\18310\.gradle\caches\5.1.1\fileHashes)" [_thread_blocked, id=14332, stack(0x000000001be40000,0x000000001bf40000)]
  0x000000001a9e0800 JavaThread "Daemon periodic checks" [_thread_blocked, id=8124, stack(0x000000001b340000,0x000000001b440000)]
  0x000000001aab8000 JavaThread "Incoming local TCP Connector on port 51031" [_thread_in_native, id=2580, stack(0x000000001b190000,0x000000001b290000)]
  0x0000000018b54000 JavaThread "Service Thread" daemon [_thread_blocked, id=928, stack(0x00000000195c0000,0x00000000196c0000)]
  0x0000000018afd800 JavaThread "C1 CompilerThread3" daemon [_thread_in_native_trans, id=1164, stack(0x00000000194c0000,0x00000000195c0000)]
=>0x0000000018aff000 JavaThread "C2 CompilerThread2" daemon [_thread_in_native, id=11212, stack(0x00000000193c0000,0x00000000194c0000)]
  0x0000000018af2000 JavaThread "C2 CompilerThread1" daemon [_thread_in_native, id=10840, stack(0x00000000192c0000,0x00000000193c0000)]
  0x0000000016b8a000 JavaThread "C2 CompilerThread0" daemon [_thread_in_native, id=5160, stack(0x00000000191c0000,0x00000000192c0000)]
  0x0000000018aef800 JavaThread "Attach Listener" daemon [_thread_blocked, id=2068, stack(0x00000000190c0000,0x00000000191c0000)]
  0x0000000018a9d800 JavaThread "Signal Dispatcher" daemon [_thread_blocked, id=4932, stack(0x0000000018fc0000,0x00000000190c0000)]
  0x0000000016b7c800 JavaThread "Finalizer" daemon [_thread_blocked, id=8564, stack(0x0000000018e60000,0x0000000018f60000)]
  0x0000000002db5000 JavaThread "Reference Handler" daemon [_thread_blocked, id=10032, stack(0x0000000018960000,0x0000000018a60000)]
  0x0000000002cc2800 JavaThread "main" [_thread_blocked, id=14276, stack(0x0000000002bc0000,0x0000000002cc0000)]

Other Threads:
  0x0000000016b78000 VMThread [stack: 0x0000000018860000,0x0000000018960000] [id=15224]
  0x0000000018b55000 WatcherThread [stack: 0x00000000196c0000,0x00000000197c0000] [id=4352]

VM state:not at safepoint (normal execution)

VM Mutex/Monitor currently owned by a thread: None

Heap:
 PSYoungGen      total 276480K, used 222535K [0x00000000e0000000, 0x00000000f2b00000, 0x0000000100000000)
  eden space 248832K, 83% used [0x00000000e0000000,0x00000000eca55c98,0x00000000ef300000)
  from space 27648K, 55% used [0x00000000f1000000,0x00000000f1efbfb0,0x00000000f2b00000)
  to   space 28672K, 0% used [0x00000000ef300000,0x00000000ef300000,0x00000000f0f00000)
 ParOldGen       total 128000K, used 70089K [0x00000000a0000000, 0x00000000a7d00000, 0x00000000e0000000)
  object space 128000K, 54% used [0x00000000a0000000,0x00000000a44724e0,0x00000000a7d00000)
 Metaspace       used 95585K, capacity 99678K, committed 100632K, reserved 1136640K
  class space    used 12091K, capacity 12840K, committed 13096K, reserved 1048576K

Card table byte_map: [0x0000000012180000,0x0000000012490000] byte_map_base: 0x0000000011c80000

Marking Bits: (ParMarkBitMap*) 0x000000006e4b5aa0
 Begin Bits: [0x0000000012e90000, 0x0000000014690000)
 End Bits:   [0x0000000014690000, 0x0000000015e90000)

Polling page: 0x0000000002790000

CodeCache: size=245760Kb used=49143Kb max_used=49143Kb free=196616Kb
 bounds [0x0000000002dc0000, 0x0000000005e00000, 0x0000000011dc0000]
 total_blobs=16755 nmethods=15858 adapters=807
 compilation: enabled

Compilation events (10 events):
Event: 270.348 Thread 0x0000000018afd800 nmethod 19060 0x0000000005dedc10 code [0x0000000005dedd80, 0x0000000005dee1a8]
Event: 270.349 Thread 0x0000000018afd800 19061       2       com.android.tools.r8.ir.code.BasicBlock::createGotoBlock (39 bytes)
Event: 270.349 Thread 0x0000000018afd800 nmethod 19061 0x0000000005dee3d0 code [0x0000000005dee5a0, 0x0000000005dee9f8]
Event: 270.349 Thread 0x0000000018afd800 19062 %     3       com.android.tools.r8.com.google.common.collect.ImmutableList::forEach @ 12 (35 bytes)
Event: 270.350 Thread 0x0000000018afd800 nmethod 19062% 0x0000000005deed90 code [0x0000000005deef40, 0x0000000005def578]
Event: 270.353 Thread 0x0000000018afd800 19063       2       com.android.tools.r8.dex.FileWriter$MixedSectionOffsets::setAnnotationsDirectoryForClass (43 bytes)
Event: 270.353 Thread 0x0000000018afd800 nmethod 19063 0x0000000005de7b10 code [0x0000000005de7ca0, 0x0000000005de7ee8]
Event: 270.353 Thread 0x0000000018afd800 19064       1       com.android.tools.r8.code.ConstHigh16::getOpcode (3 bytes)
Event: 270.353 Thread 0x0000000018afd800 nmethod 19064 0x0000000005def7d0 code [0x0000000005def920, 0x0000000005defa30]
Event: 270.355 Thread 0x0000000018afd800 19065       2       com.android.tools.r8.ir.code.Cmp::evaluate (450 bytes)

GC Heap History (10 events):
Event: 267.611 GC heap before
{Heap before GC invocations=22 (full 3):
 PSYoungGen      total 276480K, used 124910K [0x00000000e0000000, 0x00000000f2b00000, 0x0000000100000000)
  eden space 248832K, 42% used [0x00000000e0000000,0x00000000e6690418,0x00000000ef300000)
  from space 27648K, 71% used [0x00000000f1000000,0x00000000f236b630,0x00000000f2b00000)
  to   space 28672K, 0% used [0x00000000ef300000,0x00000000ef300000,0x00000000f0f00000)
 ParOldGen       total 128000K, used 63053K [0x00000000a0000000, 0x00000000a7d00000, 0x00000000e0000000)
  object space 128000K, 49% used [0x00000000a0000000,0x00000000a3d937d0,0x00000000a7d00000)
 Metaspace       used 93939K, capacity 98526K, committed 98600K, reserved 1134592K
  class space    used 12098K, capacity 12942K, committed 12968K, reserved 1048576K
Event: 267.631 GC heap after
Heap after GC invocations=22 (full 3):
 PSYoungGen      total 277504K, used 25654K [0x00000000e0000000, 0x00000000f2b00000, 0x0000000100000000)
  eden space 248832K, 0% used [0x00000000e0000000,0x00000000e0000000,0x00000000ef300000)
  from space 28672K, 89% used [0x00000000ef300000,0x00000000f0c0d980,0x00000000f0f00000)
  to   space 27648K, 0% used [0x00000000f1000000,0x00000000f1000000,0x00000000f2b00000)
 ParOldGen       total 128000K, used 63061K [0x00000000a0000000, 0x00000000a7d00000, 0x00000000e0000000)
  object space 128000K, 49% used [0x00000000a0000000,0x00000000a3d957d0,0x00000000a7d00000)
 Metaspace       used 93939K, capacity 98526K, committed 98600K, reserved 1134592K
  class space    used 12098K, capacity 12942K, committed 12968K, reserved 1048576K
}
Event: 267.632 GC heap before
{Heap before GC invocations=23 (full 4):
 PSYoungGen      total 277504K, used 25654K [0x00000000e0000000, 0x00000000f2b00000, 0x0000000100000000)
  eden space 248832K, 0% used [0x00000000e0000000,0x00000000e0000000,0x00000000ef300000)
  from space 28672K, 89% used [0x00000000ef300000,0x00000000f0c0d980,0x00000000f0f00000)
  to   space 27648K, 0% used [0x00000000f1000000,0x00000000f1000000,0x00000000f2b00000)
 ParOldGen       total 128000K, used 63061K [0x00000000a0000000, 0x00000000a7d00000, 0x00000000e0000000)
  object space 128000K, 49% used [0x00000000a0000000,0x00000000a3d957d0,0x00000000a7d00000)
 Metaspace       used 93939K, capacity 98526K, committed 98600K, reserved 1134592K
  class space    used 12098K, capacity 12942K, committed 12968K, reserved 1048576K
Event: 267.920 GC heap after
Heap after GC invocations=23 (full 4):
 PSYoungGen      total 277504K, used 0K [0x00000000e0000000, 0x00000000f2b00000, 0x0000000100000000)
  eden space 248832K, 0% used [0x00000000e0000000,0x00000000e0000000,0x00000000ef300000)
  from space 28672K, 0% used [0x00000000ef300000,0x00000000ef300000,0x00000000f0f00000)
  to   space 27648K, 0% used [0x00000000f1000000,0x00000000f1000000,0x00000000f2b00000)
 ParOldGen       total 128000K, used 69768K [0x00000000a0000000, 0x00000000a7d00000, 0x00000000e0000000)
  object space 128000K, 54% used [0x00000000a0000000,0x00000000a44220e8,0x00000000a7d00000)
 Metaspace       used 93089K, capacity 96766K, committed 98600K, reserved 1134592K
  class space    used 11878K, capacity 12590K, committed 12968K, reserved 1048576K
}
Event: 268.746 GC heap before
{Heap before GC invocations=24 (full 4):
 PSYoungGen      total 277504K, used 248832K [0x00000000e0000000, 0x00000000f2b00000, 0x0000000100000000)
  eden space 248832K, 100% used [0x00000000e0000000,0x00000000ef300000,0x00000000ef300000)
  from space 28672K, 0% used [0x00000000ef300000,0x00000000ef300000,0x00000000f0f00000)
  to   space 27648K, 0% used [0x00000000f1000000,0x00000000f1000000,0x00000000f2b00000)
 ParOldGen       total 128000K, used 69772K [0x00000000a0000000, 0x00000000a7d00000, 0x00000000e0000000)
  object space 128000K, 54% used [0x00000000a0000000,0x00000000a44231a0,0x00000000a7d00000)
 Metaspace       used 94611K, capacity 98540K, committed 99608K, reserved 1136640K
  class space    used 12067K, capacity 12801K, committed 13096K, reserved 1048576K
Event: 268.777 GC heap after
Heap after GC invocations=24 (full 4):
 PSYoungGen      total 276480K, used 7366K [0x00000000e0000000, 0x00000000f2b00000, 0x0000000100000000)
  eden space 248832K, 0% used [0x00000000e0000000,0x00000000e0000000,0x00000000ef300000)
  from space 27648K, 26% used [0x00000000f1000000,0x00000000f1731a08,0x00000000f2b00000)
  to   space 28672K, 0% used [0x00000000ef300000,0x00000000ef300000,0x00000000f0f00000)
 ParOldGen       total 128000K, used 69772K [0x00000000a0000000, 0x00000000a7d00000, 0x00000000e0000000)
  object space 128000K, 54% used [0x00000000a0000000,0x00000000a44231a0,0x00000000a7d00000)
 Metaspace       used 94611K, capacity 98540K, committed 99608K, reserved 1136640K
  class space    used 12067K, capacity 12801K, committed 13096K, reserved 1048576K
}
Event: 269.350 GC heap before
{Heap before GC invocations=25 (full 4):
 PSYoungGen      total 276480K, used 256198K [0x00000000e0000000, 0x00000000f2b00000, 0x0000000100000000)
  eden space 248832K, 100% used [0x00000000e0000000,0x00000000ef300000,0x00000000ef300000)
  from space 27648K, 26% used [0x00000000f1000000,0x00000000f1731a08,0x00000000f2b00000)
  to   space 28672K, 0% used [0x00000000ef300000,0x00000000ef300000,0x00000000f0f00000)
 ParOldGen       total 128000K, used 69772K [0x00000000a0000000, 0x00000000a7d00000, 0x00000000e0000000)
  object space 128000K, 54% used [0x00000000a0000000,0x00000000a44231a0,0x00000000a7d00000)
 Metaspace       used 95057K, capacity 99048K, committed 100120K, reserved 1136640K
  class space    used 12072K, capacity 12803K, committed 13096K, reserved 1048576K
Event: 269.367 GC heap after
Heap after GC invocations=25 (full 4):
 PSYoungGen      total 277504K, used 14606K [0x00000000e0000000, 0x00000000f2b00000, 0x0000000100000000)
  eden space 248832K, 0% used [0x00000000e0000000,0x00000000e0000000,0x00000000ef300000)
  from space 28672K, 50% used [0x00000000ef300000,0x00000000f0143b88,0x00000000f0f00000)
  to   space 27648K, 0% used [0x00000000f1000000,0x00000000f1000000,0x00000000f2b00000)
 ParOldGen       total 128000K, used 69780K [0x00000000a0000000, 0x00000000a7d00000, 0x00000000e0000000)
  object space 128000K, 54% used [0x00000000a0000000,0x00000000a44251a0,0x00000000a7d00000)
 Metaspace       used 95057K, capacity 99048K, committed 100120K, reserved 1136640K
  class space    used 12072K, capacity 12803K, committed 13096K, reserved 1048576K
}
Event: 270.039 GC heap before
{Heap before GC invocations=26 (full 4):
 PSYoungGen      total 277504K, used 263438K [0x00000000e0000000, 0x00000000f2b00000, 0x0000000100000000)
  eden space 248832K, 100% used [0x00000000e0000000,0x00000000ef300000,0x00000000ef300000)
  from space 28672K, 50% used [0x00000000ef300000,0x00000000f0143b88,0x00000000f0f00000)
  to   space 27648K, 0% used [0x00000000f1000000,0x00000000f1000000,0x00000000f2b00000)
 ParOldGen       total 128000K, used 70081K [0x00000000a0000000, 0x00000000a7d00000, 0x00000000e0000000)
  object space 128000K, 54% used [0x00000000a0000000,0x00000000a44704e0,0x00000000a7d00000)
 Metaspace       used 95478K, capacity 99520K, committed 100376K, reserved 1136640K
  class space    used 12089K, capacity 12837K, committed 13096K, reserved 1048576K
Event: 270.053 GC heap after
Heap after GC invocations=26 (full 4):
 PSYoungGen      total 276480K, used 15343K [0x00000000e0000000, 0x00000000f2b00000, 0x0000000100000000)
  eden space 248832K, 0% used [0x00000000e0000000,0x00000000e0000000,0x00000000ef300000)
  from space 27648K, 55% used [0x00000000f1000000,0x00000000f1efbfb0,0x00000000f2b00000)
  to   space 28672K, 0% used [0x00000000ef300000,0x00000000ef300000,0x00000000f0f00000)
 ParOldGen       total 128000K, used 70089K [0x00000000a0000000, 0x00000000a7d00000, 0x00000000e0000000)
  object space 128000K, 54% used [0x00000000a0000000,0x00000000a44724e0,0x00000000a7d00000)
 Metaspace       used 95478K, capacity 99520K, committed 100376K, reserved 1136640K
  class space    used 12089K, capacity 12837K, committed 13096K, reserved 1048576K
}

Deoptimization events (10 events):
Event: 268.689 Thread 0x0000000020754800 Uncommon trap: reason=unstable_if action=reinterpret pc=0x0000000005958c64 method=com.android.tools.r8.ir.code.Value.getStartOfConsecutive()Lcom/android/tools/r8/ir/code/Value; @ 6
Event: 269.007 Thread 0x000000001c672800 Uncommon trap: reason=unstable_if action=reinterpret pc=0x0000000003cddfc0 method=java.util.Arrays.equals([Ljava/lang/Object;[Ljava/lang/Object;)Z @ 47
Event: 269.487 Thread 0x0000000020755000 Uncommon trap: reason=unstable_if action=reinterpret pc=0x000000000308eeb4 method=java.util.HashMap.resize()[Ljava/util/HashMap$Node; @ 206
Event: 269.724 Thread 0x000000001c672800 Uncommon trap: reason=unstable_if action=reinterpret pc=0x00000000057de5cc method=com.android.tools.r8.ir.code.Position.equals(Ljava/lang/Object;)Z @ 27
Event: 269.781 Thread 0x0000000020754800 Uncommon trap: reason=unstable_if action=reinterpret pc=0x000000000590601c method=com.android.tools.r8.it.unimi.dsi.fastutil.ints.Int2ReferenceOpenHashMap$MapEntrySet.contains(Ljava/lang/Object;)Z @ 184
Event: 270.258 Thread 0x0000000020752000 Uncommon trap: reason=array_check action=maybe_recompile pc=0x0000000005dbb3f8 method=java.util.TimSort.binarySort([Ljava/lang/Object;IIILjava/util/Comparator;)V @ 183
Event: 270.260 Thread 0x0000000020754800 Uncommon trap: reason=unstable_if action=reinterpret pc=0x00000000057d4708 method=com.android.tools.r8.ir.conversion.JarState$Slot.isReferenceCompatible(Lcom/android/tools/r8/org/objectweb/asm/Type;Lcom/android/tools/r8/org/objectweb/asm/Type;)Z @ 95
Event: 270.284 Thread 0x0000000020753000 Uncommon trap: reason=array_check action=maybe_recompile pc=0x0000000005dbb318 method=java.util.TimSort.binarySort([Ljava/lang/Object;IIILjava/util/Comparator;)V @ 193
Event: 270.284 Thread 0x000000001c672800 Uncommon trap: reason=array_check action=maybe_recompile pc=0x0000000005dbb254 method=java.util.TimSort.binarySort([Ljava/lang/Object;IIILjava/util/Comparator;)V @ 215
Event: 270.285 Thread 0x000000001c672800 Uncommon trap: reason=array_check action=maybe_recompile pc=0x0000000005dbb254 method=java.util.TimSort.binarySort([Ljava/lang/Object;IIILjava/util/Comparator;)V @ 215

Classes redefined (0 events):
No events

Internal exceptions (10 events):
Event: 266.628 Thread 0x000000001fd9f000 Exception <a 'sun/nio/fs/WindowsException'> (0x00000000e1164638) thrown at [D:\src\AOSP-openjdk-cygwin\jdk8u\hotspot\src\share\vm\prims\jni.cpp, line 709]
Event: 266.628 Thread 0x000000001fd9f000 Exception <a 'sun/nio/fs/WindowsException'> (0x00000000e1165370) thrown at [D:\src\AOSP-openjdk-cygwin\jdk8u\hotspot\src\share\vm\prims\jni.cpp, line 709]
Event: 266.628 Thread 0x000000001fd9f000 Exception <a 'sun/nio/fs/WindowsException'> (0x00000000e1166e68) thrown at [D:\src\AOSP-openjdk-cygwin\jdk8u\hotspot\src\share\vm\prims\jni.cpp, line 709]
Event: 266.644 Thread 0x000000001fd9f000 Exception <a 'sun/nio/fs/WindowsException'> (0x00000000e119e8a0) thrown at [D:\src\AOSP-openjdk-cygwin\jdk8u\hotspot\src\share\vm\prims\jni.cpp, line 709]
Event: 266.644 Thread 0x000000001fd9f000 Exception <a 'sun/nio/fs/WindowsException'> (0x00000000e119f5d8) thrown at [D:\src\AOSP-openjdk-cygwin\jdk8u\hotspot\src\share\vm\prims\jni.cpp, line 709]
Event: 266.644 Thread 0x000000001fd9f000 Exception <a 'sun/nio/fs/WindowsException'> (0x00000000e11a10d0) thrown at [D:\src\AOSP-openjdk-cygwin\jdk8u\hotspot\src\share\vm\prims\jni.cpp, line 709]
Event: 266.653 Thread 0x000000001fd9f000 Exception <a 'sun/nio/fs/WindowsException'> (0x00000000e11f14d0) thrown at [D:\src\AOSP-openjdk-cygwin\jdk8u\hotspot\src\share\vm\prims\jni.cpp, line 709]
Event: 266.654 Thread 0x000000001fd9f000 Exception <a 'sun/nio/fs/WindowsException'> (0x00000000e11f2208) thrown at [D:\src\AOSP-openjdk-cygwin\jdk8u\hotspot\src\share\vm\prims\jni.cpp, line 709]
Event: 266.654 Thread 0x000000001fd9f000 Exception <a 'sun/nio/fs/WindowsException'> (0x00000000e11f3d00) thrown at [D:\src\AOSP-openjdk-cygwin\jdk8u\hotspot\src\share\vm\prims\jni.cpp, line 709]
Event: 269.007 Thread 0x000000001c672800 Implicit null exception at 0x0000000003cddf0a to 0x0000000003cddf9d

Events (10 events):
Event: 270.284 Thread 0x0000000020753000 DEOPT PACKING pc=0x0000000005dbb318 sp=0x0000000027a8e8a0
Event: 270.284 Thread 0x0000000020753000 DEOPT UNPACKING pc=0x0000000002e0557b sp=0x0000000027a8e840 mode 2
Event: 270.284 Thread 0x000000001c672800 Uncommon trap: trap_request=0xffffffd6 fr.pc=0x0000000005dbb254
Event: 270.284 Thread 0x000000001c672800 DEOPT PACKING pc=0x0000000005dbb254 sp=0x000000002949e570
Event: 270.285 Thread 0x000000001c672800 DEOPT UNPACKING pc=0x0000000002e0557b sp=0x000000002949e510 mode 2
Event: 270.285 Thread 0x000000001c672800 Uncommon trap: trap_request=0xffffffd6 fr.pc=0x0000000005dbb254
Event: 270.285 Thread 0x000000001c672800 DEOPT PACKING pc=0x0000000005dbb254 sp=0x000000002949e270
Event: 270.285 Thread 0x000000001c672800 DEOPT UNPACKING pc=0x0000000002e0557b sp=0x000000002949e210 mode 2
Event: 270.343 Thread 0x000000001c672800 DEOPT PACKING pc=0x00000000057a9bb7 sp=0x000000002949dcb0
Event: 270.343 Thread 0x000000001c672800 DEOPT UNPACKING pc=0x0000000002e075d0 sp=0x000000002949d9d8 mode 0


Dynamic libraries:
0x00007ff7664c0000 - 0x00007ff7664f1000 	C:\Program Files\Android\Android Studio\jre\bin\java.exe
0x00007ffda98f0000 - 0x00007ffda9ae5000 	C:\WINDOWS\SYSTEM32\ntdll.dll
0x00007ffda8630000 - 0x00007ffda86ee000 	C:\WINDOWS\System32\KERNEL32.DLL
0x00007ffda7040000 - 0x00007ffda7309000 	C:\WINDOWS\System32\KERNELBASE.dll
0x00007ffda9620000 - 0x00007ffda96cc000 	C:\WINDOWS\System32\ADVAPI32.dll
0x00007ffda8e30000 - 0x00007ffda8ece000 	C:\WINDOWS\System32\msvcrt.dll
0x00007ffda8470000 - 0x00007ffda850b000 	C:\WINDOWS\System32\sechost.dll
0x00007ffda7af0000 - 0x00007ffda7c1a000 	C:\WINDOWS\System32\RPCRT4.dll
0x00007ffda7940000 - 0x00007ffda7ae1000 	C:\WINDOWS\System32\USER32.dll
0x00007ffda7010000 - 0x00007ffda7032000 	C:\WINDOWS\System32\win32u.dll
0x00007ffda9730000 - 0x00007ffda975b000 	C:\WINDOWS\System32\GDI32.dll
0x00007ffda7830000 - 0x00007ffda793b000 	C:\WINDOWS\System32\gdi32full.dll
0x00007ffda7410000 - 0x00007ffda74ad000 	C:\WINDOWS\System32\msvcp_win.dll
0x00007ffda7540000 - 0x00007ffda7640000 	C:\WINDOWS\System32\ucrtbase.dll
0x00007ffd99260000 - 0x00007ffd994fa000 	C:\WINDOWS\WinSxS\amd64_microsoft.windows.common-controls_6595b64144ccf1df_6.0.19041.1110_none_60b5254171f9507e\COMCTL32.dll
0x00007ffda7fa0000 - 0x00007ffda7fd0000 	C:\WINDOWS\System32\IMM32.DLL
0x000000006b920000 - 0x000000006b9f2000 	C:\Program Files\Android\Android Studio\jre\jre\bin\msvcr100.dll
0x000000006dcf0000 - 0x000000006e531000 	C:\Program Files\Android\Android Studio\jre\jre\bin\server\jvm.dll
0x00007ffda7f90000 - 0x00007ffda7f98000 	C:\WINDOWS\System32\PSAPI.DLL
0x00007ffd9db10000 - 0x00007ffd9db37000 	C:\WINDOWS\SYSTEM32\WINMM.dll
0x00007ffd93b70000 - 0x00007ffd93b79000 	C:\WINDOWS\SYSTEM32\WSOCK32.dll
0x00007ffd9db60000 - 0x00007ffd9db6a000 	C:\WINDOWS\SYSTEM32\VERSION.dll
0x00007ffda8f80000 - 0x00007ffda8feb000 	C:\WINDOWS\System32\WS2_32.dll
0x00007ffda1990000 - 0x00007ffda199f000 	C:\Program Files\Android\Android Studio\jre\jre\bin\verify.dll
0x00007ffd87240000 - 0x00007ffd87269000 	C:\Program Files\Android\Android Studio\jre\jre\bin\java.dll
0x00007ffd87090000 - 0x00007ffd870a6000 	C:\Program Files\Android\Android Studio\jre\jre\bin\zip.dll
0x00007ffda86f0000 - 0x00007ffda8e2f000 	C:\WINDOWS\System32\SHELL32.dll
0x00007ffda5110000 - 0x00007ffda58a0000 	C:\WINDOWS\SYSTEM32\windows.storage.dll
0x00007ffda8110000 - 0x00007ffda8465000 	C:\WINDOWS\System32\combase.dll
0x00007ffda69f0000 - 0x00007ffda6a1c000 	C:\WINDOWS\SYSTEM32\Wldp.dll
0x00007ffda7de0000 - 0x00007ffda7e8e000 	C:\WINDOWS\System32\SHCORE.dll
0x00007ffda7c20000 - 0x00007ffda7c75000 	C:\WINDOWS\System32\shlwapi.dll
0x00007ffda6f50000 - 0x00007ffda6f6f000 	C:\WINDOWS\SYSTEM32\profapi.dll
0x00007ffd87070000 - 0x00007ffd8708a000 	C:\Program Files\Android\Android Studio\jre\jre\bin\net.dll
0x00007ffda66f0000 - 0x00007ffda675a000 	C:\WINDOWS\system32\mswsock.dll
0x00007ffd87050000 - 0x00007ffd87061000 	C:\Program Files\Android\Android Studio\jre\jre\bin\nio.dll
0x00007ffd81a70000 - 0x00007ffd81a8e000 	C:\Users\18310\.gradle\native\25\windows-amd64\native-platform.dll
0x00007ffda1950000 - 0x00007ffda195d000 	C:\Program Files\Android\Android Studio\jre\jre\bin\management.dll
0x00007ffda6950000 - 0x00007ffda6968000 	C:\WINDOWS\SYSTEM32\CRYPTSP.dll
0x00007ffda6070000 - 0x00007ffda60a4000 	C:\WINDOWS\system32\rsaenh.dll
0x00007ffda7800000 - 0x00007ffda7827000 	C:\WINDOWS\System32\bcrypt.dll
0x00007ffda6f10000 - 0x00007ffda6f3e000 	C:\WINDOWS\SYSTEM32\USERENV.dll
0x00007ffda74b0000 - 0x00007ffda7533000 	C:\WINDOWS\System32\bcryptprimitives.dll
0x00007ffda6940000 - 0x00007ffda694c000 	C:\WINDOWS\SYSTEM32\CRYPTBASE.dll
0x00007ffda63e0000 - 0x00007ffda641b000 	C:\WINDOWS\SYSTEM32\IPHLPAPI.DLL
0x00007ffda7f80000 - 0x00007ffda7f88000 	C:\WINDOWS\System32\NSI.dll
0x00007ffda0a80000 - 0x00007ffda0a97000 	C:\WINDOWS\SYSTEM32\dhcpcsvc6.DLL
0x00007ffda09d0000 - 0x00007ffda09ed000 	C:\WINDOWS\SYSTEM32\dhcpcsvc.DLL
0x00007ffda6420000 - 0x00007ffda64ec000 	C:\WINDOWS\SYSTEM32\DNSAPI.dll

VM Arguments:
jvm_args: -Xmx1536m -Dfile.encoding=GBK -Duser.country=CN -Duser.language=zh -Duser.variant 
java_command: org.gradle.launcher.daemon.bootstrap.GradleDaemon 5.1.1
java_class_path (initial): C:\Users\18310\.gradle\wrapper\dists\gradle-5.1.1-all\97z1ksx6lirer3kbvdnh7jtjg\gradle-5.1.1\lib\gradle-launcher-5.1.1.jar
Launcher Type: SUN_STANDARD

Environment Variables:
JAVA_HOME=C:\Program Files (x86)\Java\jdk1.8.0_73
CLASSPATH=.;
PATH=C:\ProgramData\Oracle\Java\javapath;C:\Program Files (x86)\Intel\iCLS Client\;C:\Program Files\Intel\iCLS Client\;C:\Windows\system32;C:\Windows;C:\Windows\System32\Wbem;C:\Windows\System32\WindowsPowerShell\v1.0\;C:\Program Files (x86)\Intel\Intel(R) Management Engine Components\DAL;C:\Program Files\Intel\Intel(R) Management Engine Components\DAL;C:\Program Files (x86)\Intel\Intel(R) Management Engine Components\IPT;C:\Program Files\Intel\Intel(R) Management Engine Components\IPT;C:\Program Files (x86)\NVIDIA Corporation\PhysX\Common;C:\WINDOWS\system32;C:\WINDOWS;C:\WINDOWS\System32\Wbem;%SYSTC:\Program Files (x86)\Java\jdk1.8.0_73\bin;C:\Program Files (x86)\Java\jdk1.8.0_73\jre\bin;C:\Program Files (x86)\Java\jdk1.8.0_73\bin;EMROOT%\System32\WindowsPowerShell\v1.0\;C:\WINDOWS\System32\OpenSSH\;C:\WINDOWS\System32\WindowsPowerShell\v1.0\;C:\Program Files (x86)\Microsoft SQL Server\100\Tools\Binn\;C:\Program Files\Microsoft SQL Server\100\Tools\Binn\;C:\Program Files\Microsoft SQL Server\100\DTS\Binn\;C:\Program Files (x86)\Microsoft SQL Server\100\Tools\Binn\VSShell\Common7\IDE\;C:\Program Files (x86)\Microsoft Visual Studio 9.0\Common7\IDE\PrivateAssemblies\;C:\Program Files (x86)\Microsoft SQL Server\100\DTS\Binn\;";C:\Program Files (x86)\Java\jdk1.8.0_73\bin;C:\Users\18310\Desktop\apache-tomcat-8.5.51\bin;";C:\Users\18310\Desktop\apache-tomcat-8.5.51\bin;C:\Program Files\Git\cmd;C:\Users\18310\AppData\Local\Microsoft\WindowsApps;C:\Program Files\Bandizip\;
USERNAME=18310
OS=Windows_NT
PROCESSOR_IDENTIFIER=Intel64 Family 6 Model 142 Stepping 10, GenuineIntel



---------------  S Y S T E M  ---------------

OS: Windows 10.0 , 64 bit Build 19041 (10.0.19041.1202)

CPU:total 8 (initial active 8) (4 cores per cpu, 2 threads per core) family 6 model 142 stepping 10, cmov, cx8, fxsr, mmx, sse, sse2, sse3, ssse3, sse4.1, sse4.2, popcnt, avx, avx2, aes, clmul, erms, 3dnowpref, lzcnt, ht, tsc, tscinvbit, bmi1, bmi2, adx

Memory: 4k page, physical 8261224k(421232k free), swap 10309224k(5964k free)

vm_info: OpenJDK 64-Bit Server VM (25.152-b01) for windows-amd64 JRE (1.8.0_152-release-1343-b01), built by "builder" with MS VC++ 10.0 (VS2010)

time: Sun Nov 28 02:39:53 2021
elapsed time: 270 seconds (0d 0h 4m 30s)

