#
# There is insufficient memory for the Java Runtime Environment to continue.
# Native memory allocation (malloc) failed to allocate 1112016 bytes for Chunk::new
# Possible reasons:
#   The system is out of physical RAM or swap space
#   In 32 bit mode, the process size limit was hit
# Possible solutions:
#   Reduce memory load on the system
#   Increase physical memory or swap space
#   Check if swap backing store is full
#   Use 64 bit Java on a 64 bit OS
#   Decrease Java heap size (-Xmx/-Xms)
#   Decrease number of Java threads
#   Decrease Java thread stack sizes (-Xss)
#   Set larger code cache with -XX:ReservedCodeCacheSize=
# This output file may be truncated or incomplete.
#
#  Out of Memory Error (allocation.cpp:390), pid=15304, tid=0x00000000000039d0
#
# JRE version: OpenJDK Runtime Environment (8.0_152-b01) (build 1.8.0_152-release-1343-b01)
# Java VM: OpenJDK 64-Bit Server VM (25.152-b01 mixed mode windows-amd64 compressed oops)
# Failed to write core dump. Minidumps are not enabled by default on client versions of Windows
#

---------------  T H R E A D  ---------------

Current thread (0x0000000018558000):  JavaThread "C2 CompilerThread2" daemon [_thread_in_native, id=14800, stack(0x0000000018dc0000,0x0000000018ec0000)]

Stack: [0x0000000018dc0000,0x0000000018ec0000]
[error occurred during error reporting (printing stack bounds), id 0xc0000005]

Native frames: (J=compiled Java code, j=interpreted, Vv=VM code, C=native code)


Current CompileTask:
C2:  11788 9560       4       com.android.tools.r8.ir.regalloc.LinearScanRegisterAllocator::allocateSingleInterval (841 bytes)


---------------  P R O C E S S  ---------------

Java Threads: ( => current thread )
  0x0000000020070000 JavaThread "stdout" [_thread_in_native, id=4856, stack(0x0000000025040000,0x0000000025140000)]
  0x0000000020072800 JavaThread "stderr" [_thread_in_native, id=6988, stack(0x0000000024f40000,0x0000000025040000)]
  0x000000002006f800 JavaThread "pool-2-thread-1" [_thread_blocked, id=8460, stack(0x0000000024e40000,0x0000000024f40000)]
  0x000000002006e000 JavaThread "Cache worker for execution history cache (C:\Users\18310\Desktop\KaoShi-master\.gradle\5.1.1\executionHistory)" [_thread_blocked, id=7620, stack(0x0000000024b40000,0x0000000024c40000)]
  0x0000000020071800 JavaThread "Execution worker for ':' Thread 7" [_thread_blocked, id=12232, stack(0x0000000024a40000,0x0000000024b40000)]
  0x000000002006c800 JavaThread "Execution worker for ':' Thread 6" [_thread_blocked, id=15044, stack(0x0000000024940000,0x0000000024a40000)]
  0x000000002006d000 JavaThread "Execution worker for ':' Thread 5" [_thread_in_Java, id=2380, stack(0x0000000024840000,0x0000000024940000)]
  0x000000001a448800 JavaThread "Execution worker for ':' Thread 4" [_thread_blocked, id=8548, stack(0x0000000024740000,0x0000000024840000)]
  0x000000001d091800 JavaThread "Execution worker for ':' Thread 3" [_thread_blocked, id=9712, stack(0x0000000024640000,0x0000000024740000)]
  0x000000001d090000 JavaThread "Execution worker for ':' Thread 2" [_thread_blocked, id=1512, stack(0x0000000024540000,0x0000000024640000)]
  0x000000001d091000 JavaThread "Execution worker for ':'" [_thread_blocked, id=14352, stack(0x0000000024440000,0x0000000024540000)]
  0x000000001d08f800 JavaThread "Cache worker for file content cache (C:\Users\18310\Desktop\KaoShi-master\.gradle\5.1.1\fileContent)" [_thread_blocked, id=3400, stack(0x0000000024140000,0x0000000024240000)]
  0x000000001d095800 JavaThread "Cache worker for file content cache (C:\Users\18310\.gradle\caches\5.1.1\fileContent)" [_thread_blocked, id=7932, stack(0x0000000024040000,0x0000000024140000)]
  0x000000001d093000 JavaThread "Memory manager" [_thread_blocked, id=9464, stack(0x0000000023f40000,0x0000000024040000)]
  0x000000001d088000 JavaThread "Cache worker for Build Output Cleanup Cache (C:\Users\18310\Desktop\KaoShi-master\.gradle\buildOutputCleanup)" [_thread_blocked, id=15068, stack(0x0000000020840000,0x0000000020940000)]
  0x000000001d087000 JavaThread "Build operations Thread 8" [_thread_blocked, id=3040, stack(0x0000000022a40000,0x0000000022b40000)]
  0x000000001d08e000 JavaThread "Build operations Thread 7" [_thread_blocked, id=14248, stack(0x0000000022940000,0x0000000022a40000)]
  0x000000001d08b000 JavaThread "Build operations Thread 6" [_thread_blocked, id=1472, stack(0x0000000022840000,0x0000000022940000)]
  0x000000001d08c800 JavaThread "Build operations Thread 5" [_thread_blocked, id=4276, stack(0x0000000022740000,0x0000000022840000)]
  0x000000001d08b800 JavaThread "Build operations Thread 4" [_thread_blocked, id=3168, stack(0x0000000022640000,0x0000000022740000)]
  0x000000001d089800 JavaThread "Build operations Thread 3" [_thread_blocked, id=10416, stack(0x0000000022540000,0x0000000022640000)]
  0x000000001d088800 JavaThread "Build operations Thread 2" [_thread_blocked, id=9168, stack(0x0000000022440000,0x0000000022540000)]
  0x000000001d086800 JavaThread "Build operations" [_thread_blocked, id=11536, stack(0x00000000220c0000,0x00000000221c0000)]
  0x000000001d08a000 JavaThread "Cache worker for execution history cache (C:\Users\18310\.gradle\caches\5.1.1\executionHistory)" [_thread_blocked, id=6456, stack(0x0000000021bc0000,0x0000000021cc0000)]
  0x000000001d08d000 JavaThread "Cache worker for cache directory md-rule (C:\Users\18310\.gradle\caches\5.1.1\md-rule)" [_thread_blocked, id=14516, stack(0x0000000020740000,0x0000000020840000)]
  0x000000001a449800 JavaThread "Cache worker for cache directory md-supplier (C:\Users\18310\.gradle\caches\5.1.1\md-supplier)" [_thread_blocked, id=6372, stack(0x0000000020640000,0x0000000020740000)]
  0x000000001a448000 JavaThread "Cache worker for file hash cache (C:\Users\18310\Desktop\KaoShi-master\.gradle\5.1.1\fileHashes)" [_thread_blocked, id=10440, stack(0x000000001dd00000,0x000000001de00000)]
  0x000000001a44e000 JavaThread "Cache worker for journal cache (C:\Users\18310\.gradle\caches\journal-1)" [_thread_blocked, id=7148, stack(0x000000001ba60000,0x000000001bb60000)]
  0x000000001a44c800 JavaThread "File lock request listener" [_thread_in_native, id=15032, stack(0x000000001b960000,0x000000001ba60000)]
  0x000000001a46f800 JavaThread "Cache worker for file hash cache (C:\Users\18310\.gradle\caches\5.1.1\fileHashes)" [_thread_blocked, id=4212, stack(0x000000001b860000,0x000000001b960000)]
  0x000000001a426800 JavaThread "Thread-8" [_thread_blocked, id=592, stack(0x000000001b760000,0x000000001b860000)]
  0x000000001a425800 JavaThread "Stdin handler" [_thread_blocked, id=8260, stack(0x000000001b560000,0x000000001b660000)]
  0x000000001a424800 JavaThread "Asynchronous log dispatcher for DefaultDaemonConnection: socket connection from /127.0.0.1:54105 to /127.0.0.1:54106" [_thread_blocked, id=10140, stack(0x000000001b460000,0x000000001b560000)]
  0x000000001a6ef000 JavaThread "Daemon worker" [_thread_blocked, id=8856, stack(0x000000001b360000,0x000000001b460000)]
  0x000000001a422000 JavaThread "Cancel handler" [_thread_blocked, id=5616, stack(0x000000001b260000,0x000000001b360000)]
  0x000000001a3c6000 JavaThread "Handler for socket connection from /127.0.0.1:54105 to /127.0.0.1:54106" [_thread_in_native, id=10136, stack(0x000000001af60000,0x000000001b060000)]
  0x000000001a3c5800 JavaThread "Daemon" [_thread_blocked, id=588, stack(0x000000001ae60000,0x000000001af60000)]
  0x000000001a3b2800 JavaThread "Daemon periodic checks" [_thread_blocked, id=2144, stack(0x000000001ad60000,0x000000001ae60000)]
  0x000000001a4d2800 JavaThread "Incoming local TCP Connector on port 54105" [_thread_in_native, id=8004, stack(0x000000001abb0000,0x000000001acb0000)]
  0x00000000185eb000 JavaThread "Service Thread" daemon [_thread_blocked, id=7024, stack(0x0000000018fc0000,0x00000000190c0000)]
  0x000000001855e000 JavaThread "C1 CompilerThread3" daemon [_thread_blocked, id=2676, stack(0x0000000018ec0000,0x0000000018fc0000)]
=>0x0000000018558000 JavaThread "C2 CompilerThread2" daemon [_thread_in_native, id=14800, stack(0x0000000018dc0000,0x0000000018ec0000)]
  0x000000001660d000 JavaThread "C2 CompilerThread1" daemon [_thread_in_native, id=11364, stack(0x0000000018cc0000,0x0000000018dc0000)]
  0x000000001660a000 JavaThread "C2 CompilerThread0" daemon [_thread_in_native, id=1604, stack(0x0000000018bc0000,0x0000000018cc0000)]
  0x0000000016609000 JavaThread "Attach Listener" daemon [_thread_blocked, id=2600, stack(0x0000000018ac0000,0x0000000018bc0000)]
  0x0000000018502800 JavaThread "Signal Dispatcher" daemon [_thread_blocked, id=8184, stack(0x00000000189c0000,0x0000000018ac0000)]
  0x00000000165fc800 JavaThread "Finalizer" daemon [_thread_blocked, id=10332, stack(0x00000000188c0000,0x00000000189c0000)]
  0x0000000002835000 JavaThread "Reference Handler" daemon [_thread_blocked, id=12696, stack(0x00000000183c0000,0x00000000184c0000)]
  0x0000000002742800 JavaThread "main" [_thread_blocked, id=13776, stack(0x0000000002640000,0x0000000002740000)]

Other Threads:
  0x00000000165f8000 VMThread [stack: 0x00000000182c0000,0x00000000183c0000] [id=7996]
  0x00000000185ec000 WatcherThread [stack: 0x00000000190c0000,0x00000000191c0000] [id=1680]

VM state:not at safepoint (normal execution)

VM Mutex/Monitor currently owned by a thread: None

Heap:
 PSYoungGen      total 203264K, used 36980K [0x00000000e0000000, 0x00000000edd80000, 0x0000000100000000)
  eden space 183808K, 10% used [0x00000000e0000000,0x00000000e1333fb0,0x00000000eb380000)
  from space 19456K, 89% used [0x00000000eb780000,0x00000000ec8693b8,0x00000000eca80000)
  to   space 14336K, 0% used [0x00000000ecf80000,0x00000000ecf80000,0x00000000edd80000)
 ParOldGen       total 130048K, used 35995K [0x00000000a0000000, 0x00000000a7f00000, 0x00000000e0000000)
  object space 130048K, 27% used [0x00000000a0000000,0x00000000a2326de8,0x00000000a7f00000)
 Metaspace       used 71523K, capacity 74982K, committed 75284K, reserved 1114112K
  class space    used 9591K, capacity 10220K, committed 10300K, reserved 1048576K

Card table byte_map: [0x0000000011c00000,0x0000000011f10000] byte_map_base: 0x0000000011700000

Marking Bits: (ParMarkBitMap*) 0x000000006e4b5aa0
 Begin Bits: [0x0000000012910000, 0x0000000014110000)
 End Bits:   [0x0000000014110000, 0x0000000015910000)

Polling page: 0x0000000002220000

CodeCache: size=245760Kb used=27083Kb max_used=27317Kb free=218676Kb
 bounds [0x0000000002840000, 0x0000000004320000, 0x0000000011840000]
 total_blobs=9768 nmethods=8934 adapters=745
 compilation: enabled

Compilation events (10 events):
Event: 11.777 Thread 0x000000001855e000 9903       2       com.android.tools.r8.com.google.common.collect.HashBiMap::init (59 bytes)
Event: 11.777 Thread 0x000000001855e000 nmethod 9903 0x0000000002d33410 code [0x0000000002d335a0, 0x0000000002d338d8]
Event: 11.777 Thread 0x000000001855e000 9905       2       com.android.tools.r8.it.unimi.dsi.fastutil.objects.Reference2IntOpenHashMap::<init> (9 bytes)
Event: 11.777 Thread 0x000000001855e000 nmethod 9905 0x000000000300ed10 code [0x000000000300eea0, 0x000000000300f028]
Event: 11.777 Thread 0x000000001855e000 9906       2       com.android.tools.r8.it.unimi.dsi.fastutil.objects.Reference2IntOpenHashMap::<init> (105 bytes)
Event: 11.778 Thread 0x000000001855e000 nmethod 9906 0x00000000039de610 code [0x00000000039de800, 0x00000000039ded18]
Event: 11.781 Thread 0x000000001855e000 9907       2       com.android.tools.r8.ir.conversion.IRBuilder::addStaticGet (84 bytes)
Event: 11.782 Thread 0x000000001855e000 nmethod 9907 0x00000000031ec3d0 code [0x00000000031ec560, 0x00000000031ec8d8]
Event: 11.782 Thread 0x000000001855e000 9908       2       com.android.tools.r8.ir.code.StaticGet::<init> (11 bytes)
Event: 11.782 Thread 0x000000001855e000 nmethod 9908 0x00000000031e7c10 code [0x00000000031e7d80, 0x00000000031e7f48]

GC Heap History (10 events):
Event: 5.112 GC heap before
{Heap before GC invocations=12 (full 2):
 PSYoungGen      total 124928K, used 113664K [0x00000000e0000000, 0x00000000eb580000, 0x0000000100000000)
  eden space 113664K, 100% used [0x00000000e0000000,0x00000000e6f00000,0x00000000e6f00000)
  from space 11264K, 0% used [0x00000000e6f00000,0x00000000e6f00000,0x00000000e7a00000)
  to   space 11776K, 0% used [0x00000000eaa00000,0x00000000eaa00000,0x00000000eb580000)
 ParOldGen       total 82944K, used 17136K [0x00000000a0000000, 0x00000000a5100000, 0x00000000e0000000)
  object space 82944K, 20% used [0x00000000a0000000,0x00000000a10bc2e8,0x00000000a5100000)
 Metaspace       used 45184K, capacity 46130K, committed 46552K, reserved 1089536K
  class space    used 6093K, capacity 6356K, committed 6400K, reserved 1048576K
Event: 5.124 GC heap after
Heap after GC invocations=12 (full 2):
 PSYoungGen      total 161280K, used 11766K [0x00000000e0000000, 0x00000000eb580000, 0x0000000100000000)
  eden space 149504K, 0% used [0x00000000e0000000,0x00000000e0000000,0x00000000e9200000)
  from space 11776K, 99% used [0x00000000eaa00000,0x00000000eb57d970,0x00000000eb580000)
  to   space 14336K, 0% used [0x00000000e9980000,0x00000000e9980000,0x00000000ea780000)
 ParOldGen       total 82944K, used 20153K [0x00000000a0000000, 0x00000000a5100000, 0x00000000e0000000)
  object space 82944K, 24% used [0x00000000a0000000,0x00000000a13ae4c8,0x00000000a5100000)
 Metaspace       used 45184K, capacity 46130K, committed 46552K, reserved 1089536K
  class space    used 6093K, capacity 6356K, committed 6400K, reserved 1048576K
}
Event: 6.486 GC heap before
{Heap before GC invocations=13 (full 2):
 PSYoungGen      total 161280K, used 158788K [0x00000000e0000000, 0x00000000eb580000, 0x0000000100000000)
  eden space 149504K, 98% used [0x00000000e0000000,0x00000000e8f939d8,0x00000000e9200000)
  from space 11776K, 99% used [0x00000000eaa00000,0x00000000eb57d970,0x00000000eb580000)
  to   space 14336K, 0% used [0x00000000e9980000,0x00000000e9980000,0x00000000ea780000)
 ParOldGen       total 82944K, used 20153K [0x00000000a0000000, 0x00000000a5100000, 0x00000000e0000000)
  object space 82944K, 24% used [0x00000000a0000000,0x00000000a13ae4c8,0x00000000a5100000)
 Metaspace       used 57471K, capacity 58952K, committed 59028K, reserved 1099776K
  class space    used 7766K, capacity 8095K, committed 8124K, reserved 1048576K
Event: 6.501 GC heap after
Heap after GC invocations=13 (full 2):
 PSYoungGen      total 171520K, used 14323K [0x00000000e0000000, 0x00000000ee200000, 0x0000000100000000)
  eden space 157184K, 0% used [0x00000000e0000000,0x00000000e0000000,0x00000000e9980000)
  from space 14336K, 99% used [0x00000000e9980000,0x00000000ea77cdb0,0x00000000ea780000)
  to   space 18944K, 0% used [0x00000000ecf80000,0x00000000ecf80000,0x00000000ee200000)
 ParOldGen       total 82944K, used 27923K [0x00000000a0000000, 0x00000000a5100000, 0x00000000e0000000)
  object space 82944K, 33% used [0x00000000a0000000,0x00000000a1b44c38,0x00000000a5100000)
 Metaspace       used 57471K, capacity 58952K, committed 59028K, reserved 1099776K
  class space    used 7766K, capacity 8095K, committed 8124K, reserved 1048576K
}
Event: 6.501 GC heap before
{Heap before GC invocations=14 (full 3):
 PSYoungGen      total 171520K, used 14323K [0x00000000e0000000, 0x00000000ee200000, 0x0000000100000000)
  eden space 157184K, 0% used [0x00000000e0000000,0x00000000e0000000,0x00000000e9980000)
  from space 14336K, 99% used [0x00000000e9980000,0x00000000ea77cdb0,0x00000000ea780000)
  to   space 18944K, 0% used [0x00000000ecf80000,0x00000000ecf80000,0x00000000ee200000)
 ParOldGen       total 82944K, used 27923K [0x00000000a0000000, 0x00000000a5100000, 0x00000000e0000000)
  object space 82944K, 33% used [0x00000000a0000000,0x00000000a1b44c38,0x00000000a5100000)
 Metaspace       used 57471K, capacity 58952K, committed 59028K, reserved 1099776K
  class space    used 7766K, capacity 8095K, committed 8124K, reserved 1048576K
Event: 6.732 GC heap after
Heap after GC invocations=14 (full 3):
 PSYoungGen      total 171520K, used 0K [0x00000000e0000000, 0x00000000ee200000, 0x0000000100000000)
  eden space 157184K, 0% used [0x00000000e0000000,0x00000000e0000000,0x00000000e9980000)
  from space 14336K, 0% used [0x00000000e9980000,0x00000000e9980000,0x00000000ea780000)
  to   space 18944K, 0% used [0x00000000ecf80000,0x00000000ecf80000,0x00000000ee200000)
 ParOldGen       total 130048K, used 35979K [0x00000000a0000000, 0x00000000a7f00000, 0x00000000e0000000)
  object space 130048K, 27% used [0x00000000a0000000,0x00000000a2322de8,0x00000000a7f00000)
 Metaspace       used 57471K, capacity 58952K, committed 59028K, reserved 1099776K
  class space    used 7766K, capacity 8095K, committed 8124K, reserved 1048576K
}
Event: 9.818 GC heap before
{Heap before GC invocations=15 (full 3):
 PSYoungGen      total 171520K, used 157184K [0x00000000e0000000, 0x00000000ee200000, 0x0000000100000000)
  eden space 157184K, 100% used [0x00000000e0000000,0x00000000e9980000,0x00000000e9980000)
  from space 14336K, 0% used [0x00000000e9980000,0x00000000e9980000,0x00000000ea780000)
  to   space 18944K, 0% used [0x00000000ecf80000,0x00000000ecf80000,0x00000000ee200000)
 ParOldGen       total 130048K, used 35979K [0x00000000a0000000, 0x00000000a7f00000, 0x00000000e0000000)
  object space 130048K, 27% used [0x00000000a0000000,0x00000000a2322de8,0x00000000a7f00000)
 Metaspace       used 62784K, capacity 64890K, committed 64916K, reserved 1105920K
  class space    used 8455K, capacity 8884K, committed 8892K, reserved 1048576K
Event: 9.847 GC heap after
Heap after GC invocations=15 (full 3):
 PSYoungGen      total 198144K, used 13938K [0x00000000e0000000, 0x00000000edd80000, 0x0000000100000000)
  eden space 183808K, 0% used [0x00000000e0000000,0x00000000e0000000,0x00000000eb380000)
  from space 14336K, 97% used [0x00000000ecf80000,0x00000000edd1cb98,0x00000000edd80000)
  to   space 19456K, 0% used [0x00000000eb780000,0x00000000eb780000,0x00000000eca80000)
 ParOldGen       total 130048K, used 35987K [0x00000000a0000000, 0x00000000a7f00000, 0x00000000e0000000)
  object space 130048K, 27% used [0x00000000a0000000,0x00000000a2324de8,0x00000000a7f00000)
 Metaspace       used 62784K, capacity 64890K, committed 64916K, reserved 1105920K
  class space    used 8455K, capacity 8884K, committed 8892K, reserved 1048576K
}
Event: 11.656 GC heap before
{Heap before GC invocations=16 (full 3):
 PSYoungGen      total 198144K, used 197746K [0x00000000e0000000, 0x00000000edd80000, 0x0000000100000000)
  eden space 183808K, 100% used [0x00000000e0000000,0x00000000eb380000,0x00000000eb380000)
  from space 14336K, 97% used [0x00000000ecf80000,0x00000000edd1cb98,0x00000000edd80000)
  to   space 19456K, 0% used [0x00000000eb780000,0x00000000eb780000,0x00000000eca80000)
 ParOldGen       total 130048K, used 35987K [0x00000000a0000000, 0x00000000a7f00000, 0x00000000e0000000)
  object space 130048K, 27% used [0x00000000a0000000,0x00000000a2324de8,0x00000000a7f00000)
 Metaspace       used 71485K, capacity 74978K, committed 75284K, reserved 1114112K
  class space    used 9591K, capacity 10220K, committed 10300K, reserved 1048576K
Event: 11.680 GC heap after
Heap after GC invocations=16 (full 3):
 PSYoungGen      total 203264K, used 17316K [0x00000000e0000000, 0x00000000edd80000, 0x0000000100000000)
  eden space 183808K, 0% used [0x00000000e0000000,0x00000000e0000000,0x00000000eb380000)
  from space 19456K, 89% used [0x00000000eb780000,0x00000000ec8693b8,0x00000000eca80000)
  to   space 14336K, 0% used [0x00000000ecf80000,0x00000000ecf80000,0x00000000edd80000)
 ParOldGen       total 130048K, used 35995K [0x00000000a0000000, 0x00000000a7f00000, 0x00000000e0000000)
  object space 130048K, 27% used [0x00000000a0000000,0x00000000a2326de8,0x00000000a7f00000)
 Metaspace       used 71485K, capacity 74978K, committed 75284K, reserved 1114112K
  class space    used 9591K, capacity 10220K, committed 10300K, reserved 1048576K
}

Deoptimization events (10 events):
Event: 11.108 Thread 0x000000002006d000 Uncommon trap: reason=bimorphic action=maybe_recompile pc=0x0000000003fb9e78 method=com.android.tools.r8.ir.code.ValueType.fromTypeLattice(Lcom/android/tools/r8/ir/analysis/type/TypeLatticeElement;)Lcom/android/tools/r8/ir/code/ValueType; @ 23
Event: 11.110 Thread 0x000000002006d000 Uncommon trap: reason=bimorphic action=maybe_recompile pc=0x0000000003fbbb44 method=com.android.tools.r8.ir.code.ValueType.fromTypeLattice(Lcom/android/tools/r8/ir/analysis/type/TypeLatticeElement;)Lcom/android/tools/r8/ir/code/ValueType; @ 23
Event: 11.339 Thread 0x000000002006d000 Uncommon trap: reason=unstable_if action=reinterpret pc=0x0000000004015898 method=com.android.tools.r8.ir.regalloc.RegisterPositions.hasType(ILcom/android/tools/r8/ir/regalloc/RegisterPositions$Type;)Z @ 65
Event: 11.346 Thread 0x000000002006d000 Uncommon trap: reason=unstable_if action=reinterpret pc=0x00000000032c2c74 method=java.util.HashMap.putVal(ILjava/lang/Object;Ljava/lang/Object;ZZ)Ljava/lang/Object; @ 162
Event: 11.346 Thread 0x000000002006d000 Uncommon trap: reason=unstable_if action=reinterpret pc=0x00000000035eb9dc method=java.util.HashMap.putVal(ILjava/lang/Object;Ljava/lang/Object;ZZ)Ljava/lang/Object; @ 162
Event: 11.347 Thread 0x000000002006d000 Uncommon trap: reason=unstable_if action=reinterpret pc=0x00000000032bb514 method=java.util.HashMap.getNode(ILjava/lang/Object;)Ljava/util/HashMap$Node; @ 84
Event: 11.348 Thread 0x000000002006d000 Uncommon trap: reason=unstable_if action=reinterpret pc=0x000000000305646c method=java.util.HashMap.getNode(ILjava/lang/Object;)Ljava/util/HashMap$Node; @ 84
Event: 11.458 Thread 0x000000002006d000 Uncommon trap: reason=unstable_if action=reinterpret pc=0x000000000402ed80 method=com.android.tools.r8.ir.regalloc.LiveIntervals.getSplitCovering(I)Lcom/android/tools/r8/ir/regalloc/LiveIntervals; @ 134
Event: 11.573 Thread 0x000000001a3b2800 Uncommon trap: reason=class_check action=maybe_recompile pc=0x0000000003823768 method=org.gradle.internal.serialize.AbstractDecoder.readBytes([B)V @ 5
Event: 11.575 Thread 0x000000001a3b2800 Uncommon trap: reason=speculate_class_check action=maybe_recompile pc=0x0000000003d4ee9c method=java.util.AbstractList.listIterator()Ljava/util/ListIterator; @ 2

Classes redefined (0 events):
No events

Internal exceptions (10 events):
Event: 9.677 Thread 0x000000002006d000 Exception <a 'sun/nio/fs/WindowsException'> (0x00000000e93f3288) thrown at [D:\src\AOSP-openjdk-cygwin\jdk8u\hotspot\src\share\vm\prims\jni.cpp, line 709]
Event: 9.678 Thread 0x0000000020071800 Exception <a 'sun/nio/fs/WindowsException'> (0x00000000e9468280) thrown at [D:\src\AOSP-openjdk-cygwin\jdk8u\hotspot\src\share\vm\prims\jni.cpp, line 709]
Event: 10.598 Thread 0x000000001a6ef000 Implicit null exception at 0x00000000029a2a0a to 0x00000000029a2a9d
Event: 10.637 Thread 0x000000001d090000 Exception <a 'sun/nio/fs/WindowsException'> (0x00000000e4939cd8) thrown at [D:\src\AOSP-openjdk-cygwin\jdk8u\hotspot\src\share\vm\prims\jni.cpp, line 709]
Event: 10.637 Thread 0x000000001a448800 Exception <a 'sun/nio/fs/WindowsException'> (0x00000000e4d8e930) thrown at [D:\src\AOSP-openjdk-cygwin\jdk8u\hotspot\src\share\vm\prims\jni.cpp, line 709]
Event: 10.637 Thread 0x000000001d091000 Exception <a 'sun/nio/fs/WindowsException'> (0x00000000e4c4dbb8) thrown at [D:\src\AOSP-openjdk-cygwin\jdk8u\hotspot\src\share\vm\prims\jni.cpp, line 709]
Event: 10.637 Thread 0x000000001a6ef000 Exception <a 'sun/nio/fs/WindowsException'> (0x00000000e3dffb90) thrown at [D:\src\AOSP-openjdk-cygwin\jdk8u\hotspot\src\share\vm\prims\jni.cpp, line 709]
Event: 10.637 Thread 0x000000002006c800 Exception <a 'sun/nio/fs/WindowsException'> (0x00000000e4c812b0) thrown at [D:\src\AOSP-openjdk-cygwin\jdk8u\hotspot\src\share\vm\prims\jni.cpp, line 709]
Event: 10.645 Thread 0x0000000020071800 Exception <a 'sun/nio/fs/WindowsException'> (0x00000000e4ac81b8) thrown at [D:\src\AOSP-openjdk-cygwin\jdk8u\hotspot\src\share\vm\prims\jni.cpp, line 709]
Event: 10.817 Thread 0x000000001d091800 Exception <a 'sun/nio/fs/WindowsException'> (0x00000000e5fbda60) thrown at [D:\src\AOSP-openjdk-cygwin\jdk8u\hotspot\src\share\vm\prims\jni.cpp, line 709]

Events (10 events):
Event: 11.695 Thread 0x000000001855e000 flushing nmethod 0x00000000038b11d0
Event: 11.695 Thread 0x000000001855e000 flushing nmethod 0x00000000038eb550
Event: 11.695 Thread 0x000000001855e000 flushing nmethod 0x000000000390edd0
Event: 11.695 Thread 0x000000001855e000 flushing nmethod 0x000000000391afd0
Event: 11.695 Thread 0x000000001855e000 flushing nmethod 0x0000000003925e10
Event: 11.695 Thread 0x000000001855e000 flushing nmethod 0x0000000003932a50
Event: 11.695 Thread 0x000000001855e000 flushing nmethod 0x000000000395ba90
Event: 11.695 Thread 0x000000001855e000 flushing nmethod 0x000000000396cdd0
Event: 11.695 Thread 0x000000001855e000 flushing nmethod 0x0000000003989250
Event: 11.695 Thread 0x000000001855e000 flushing nmethod 0x00000000039de610


Dynamic libraries:
0x00007ff7d7c90000 - 0x00007ff7d7cc1000 	C:\Program Files\Android\Android Studio\jre\bin\java.exe
0x00007ffda98f0000 - 0x00007ffda9ae5000 	C:\WINDOWS\SYSTEM32\ntdll.dll
0x00007ffda8630000 - 0x00007ffda86ee000 	C:\WINDOWS\System32\KERNEL32.DLL
0x00007ffda7040000 - 0x00007ffda7309000 	C:\WINDOWS\System32\KERNELBASE.dll
0x00007ffda9620000 - 0x00007ffda96cc000 	C:\WINDOWS\System32\ADVAPI32.dll
0x00007ffda8e30000 - 0x00007ffda8ece000 	C:\WINDOWS\System32\msvcrt.dll
0x00007ffda8470000 - 0x00007ffda850b000 	C:\WINDOWS\System32\sechost.dll
0x00007ffda7af0000 - 0x00007ffda7c1a000 	C:\WINDOWS\System32\RPCRT4.dll
0x00007ffda7940000 - 0x00007ffda7ae1000 	C:\WINDOWS\System32\USER32.dll
0x00007ffda7010000 - 0x00007ffda7032000 	C:\WINDOWS\System32\win32u.dll
0x00007ffda9730000 - 0x00007ffda975b000 	C:\WINDOWS\System32\GDI32.dll
0x00007ffda7830000 - 0x00007ffda793b000 	C:\WINDOWS\System32\gdi32full.dll
0x00007ffda7410000 - 0x00007ffda74ad000 	C:\WINDOWS\System32\msvcp_win.dll
0x00007ffda7540000 - 0x00007ffda7640000 	C:\WINDOWS\System32\ucrtbase.dll
0x00007ffd99260000 - 0x00007ffd994fa000 	C:\WINDOWS\WinSxS\amd64_microsoft.windows.common-controls_6595b64144ccf1df_6.0.19041.1110_none_60b5254171f9507e\COMCTL32.dll
0x00007ffda7fa0000 - 0x00007ffda7fd0000 	C:\WINDOWS\System32\IMM32.DLL
0x000000006dc10000 - 0x000000006dce2000 	C:\Program Files\Android\Android Studio\jre\jre\bin\msvcr100.dll
0x000000006dcf0000 - 0x000000006e531000 	C:\Program Files\Android\Android Studio\jre\jre\bin\server\jvm.dll
0x00007ffda7f90000 - 0x00007ffda7f98000 	C:\WINDOWS\System32\PSAPI.DLL
0x00007ffd9db60000 - 0x00007ffd9db6a000 	C:\WINDOWS\SYSTEM32\VERSION.dll
0x00007ffd93b70000 - 0x00007ffd93b79000 	C:\WINDOWS\SYSTEM32\WSOCK32.dll
0x00007ffd9db10000 - 0x00007ffd9db37000 	C:\WINDOWS\SYSTEM32\WINMM.dll
0x00007ffda8f80000 - 0x00007ffda8feb000 	C:\WINDOWS\System32\WS2_32.dll
0x00007ffda2cf0000 - 0x00007ffda2cff000 	C:\Program Files\Android\Android Studio\jre\jre\bin\verify.dll
0x00007ffda1970000 - 0x00007ffda1999000 	C:\Program Files\Android\Android Studio\jre\jre\bin\java.dll
0x00007ffda2c60000 - 0x00007ffda2c76000 	C:\Program Files\Android\Android Studio\jre\jre\bin\zip.dll
0x00007ffda86f0000 - 0x00007ffda8e2f000 	C:\WINDOWS\System32\SHELL32.dll
0x00007ffda5110000 - 0x00007ffda58a0000 	C:\WINDOWS\SYSTEM32\windows.storage.dll
0x00007ffda8110000 - 0x00007ffda8465000 	C:\WINDOWS\System32\combase.dll
0x00007ffda69f0000 - 0x00007ffda6a1c000 	C:\WINDOWS\SYSTEM32\Wldp.dll
0x00007ffda7de0000 - 0x00007ffda7e8e000 	C:\WINDOWS\System32\SHCORE.dll
0x00007ffda7c20000 - 0x00007ffda7c75000 	C:\WINDOWS\System32\shlwapi.dll
0x00007ffda6f50000 - 0x00007ffda6f6f000 	C:\WINDOWS\SYSTEM32\profapi.dll
0x00007ffd95f90000 - 0x00007ffd95faa000 	C:\Program Files\Android\Android Studio\jre\jre\bin\net.dll
0x00007ffda66f0000 - 0x00007ffda675a000 	C:\WINDOWS\system32\mswsock.dll
0x00007ffd95f70000 - 0x00007ffd95f81000 	C:\Program Files\Android\Android Studio\jre\jre\bin\nio.dll
0x00007ffd86fe0000 - 0x00007ffd86ffe000 	C:\Users\18310\.gradle\native\25\windows-amd64\native-platform.dll
0x00007ffda2ce0000 - 0x00007ffda2ced000 	C:\Program Files\Android\Android Studio\jre\jre\bin\management.dll
0x00007ffda6950000 - 0x00007ffda6968000 	C:\WINDOWS\SYSTEM32\CRYPTSP.dll
0x00007ffda6070000 - 0x00007ffda60a4000 	C:\WINDOWS\system32\rsaenh.dll
0x00007ffda7800000 - 0x00007ffda7827000 	C:\WINDOWS\System32\bcrypt.dll
0x00007ffda6f10000 - 0x00007ffda6f3e000 	C:\WINDOWS\SYSTEM32\USERENV.dll
0x00007ffda74b0000 - 0x00007ffda7533000 	C:\WINDOWS\System32\bcryptprimitives.dll
0x00007ffda6940000 - 0x00007ffda694c000 	C:\WINDOWS\SYSTEM32\CRYPTBASE.dll
0x00007ffda63e0000 - 0x00007ffda641b000 	C:\WINDOWS\SYSTEM32\IPHLPAPI.DLL
0x00007ffda7f80000 - 0x00007ffda7f88000 	C:\WINDOWS\System32\NSI.dll
0x00007ffda0a80000 - 0x00007ffda0a97000 	C:\WINDOWS\SYSTEM32\dhcpcsvc6.DLL
0x00007ffda09d0000 - 0x00007ffda09ed000 	C:\WINDOWS\SYSTEM32\dhcpcsvc.DLL
0x00007ffda6420000 - 0x00007ffda64ec000 	C:\WINDOWS\SYSTEM32\DNSAPI.dll

VM Arguments:
jvm_args: -Xmx1536m -Dfile.encoding=GBK -Duser.country=CN -Duser.language=zh -Duser.variant 
java_command: org.gradle.launcher.daemon.bootstrap.GradleDaemon 5.1.1
java_class_path (initial): C:\Users\18310\.gradle\wrapper\dists\gradle-5.1.1-all\97z1ksx6lirer3kbvdnh7jtjg\gradle-5.1.1\lib\gradle-launcher-5.1.1.jar
Launcher Type: SUN_STANDARD

Environment Variables:
JAVA_HOME=C:\Program Files (x86)\Java\jdk1.8.0_73
CLASSPATH=.;
PATH=C:\ProgramData\Oracle\Java\javapath;C:\Program Files (x86)\Intel\iCLS Client\;C:\Program Files\Intel\iCLS Client\;C:\Windows\system32;C:\Windows;C:\Windows\System32\Wbem;C:\Windows\System32\WindowsPowerShell\v1.0\;C:\Program Files (x86)\Intel\Intel(R) Management Engine Components\DAL;C:\Program Files\Intel\Intel(R) Management Engine Components\DAL;C:\Program Files (x86)\Intel\Intel(R) Management Engine Components\IPT;C:\Program Files\Intel\Intel(R) Management Engine Components\IPT;C:\Program Files (x86)\NVIDIA Corporation\PhysX\Common;C:\WINDOWS\system32;C:\WINDOWS;C:\WINDOWS\System32\Wbem;%SYSTC:\Program Files (x86)\Java\jdk1.8.0_73\bin;C:\Program Files (x86)\Java\jdk1.8.0_73\jre\bin;C:\Program Files (x86)\Java\jdk1.8.0_73\bin;EMROOT%\System32\WindowsPowerShell\v1.0\;C:\WINDOWS\System32\OpenSSH\;C:\WINDOWS\System32\WindowsPowerShell\v1.0\;C:\Program Files (x86)\Microsoft SQL Server\100\Tools\Binn\;C:\Program Files\Microsoft SQL Server\100\Tools\Binn\;C:\Program Files\Microsoft SQL Server\100\DTS\Binn\;C:\Program Files (x86)\Microsoft SQL Server\100\Tools\Binn\VSShell\Common7\IDE\;C:\Program Files (x86)\Microsoft Visual Studio 9.0\Common7\IDE\PrivateAssemblies\;C:\Program Files (x86)\Microsoft SQL Server\100\DTS\Binn\;";C:\Program Files (x86)\Java\jdk1.8.0_73\bin;C:\Users\18310\Desktop\apache-tomcat-8.5.51\bin;";C:\Users\18310\Desktop\apache-tomcat-8.5.51\bin;C:\Program Files\Git\cmd;C:\Users\18310\AppData\Local\Microsoft\WindowsApps;C:\Program Files\Bandizip\;
USERNAME=18310
OS=Windows_NT
PROCESSOR_IDENTIFIER=Intel64 Family 6 Model 142 Stepping 10, GenuineIntel



---------------  S Y S T E M  ---------------

OS: Windows 10.0 , 64 bit Build 19041 (10.0.19041.1202)

CPU:total 8 (initial active 8) (4 cores per cpu, 2 threads per core) family 6 model 142 stepping 10, cmov, cx8, fxsr, mmx, sse, sse2, sse3, ssse3, sse4.1, sse4.2, popcnt, avx, avx2, aes, clmul, erms, 3dnowpref, lzcnt, ht, tsc, tscinvbit, bmi1, bmi2, adx

Memory: 4k page, physical 8261224k(808092k free), swap 10309224k(10616k free)

vm_info: OpenJDK 64-Bit Server VM (25.152-b01) for windows-amd64 JRE (1.8.0_152-release-1343-b01), built by "builder" with MS VC++ 10.0 (VS2010)

time: Sun Nov 28 03:19:18 2021
elapsed time: 11 seconds (0d 0h 0m 11s)

